<?xml version="1.0" encoding="UTF-8"?>
<testng-results skipped="0" failed="0" ignored="0" total="1" passed="1">
  <reporter-output>
  </reporter-output>
  <suite name="Default suite" duration-ms="40" started-at="2020-04-23T18:07:18 IST" finished-at="2020-04-23T18:07:18 IST">
    <groups>
    </groups>
    <test name="Default test" duration-ms="40" started-at="2020-04-23T18:07:18 IST" finished-at="2020-04-23T18:07:18 IST">
      <class name="MavenTestNgWithOutDependency.MavenTestNgWithOutDependency.Hello2">
        <test-method status="PASS" signature="testBefore()[pri:0, instance:MavenTestNgWithOutDependency.MavenTestNgWithOutDependency.Hello2@7bc1a03d]" name="testBefore" is-config="true" duration-ms="10" started-at="2020-04-23T18:07:18 IST" finished-at="2020-04-23T18:07:18 IST">
          <reporter-output>
          </reporter-output>
        </test-method> <!-- testBefore -->
        <test-method status="PASS" signature="secoundTest()[pri:0, instance:MavenTestNgWithOutDependency.MavenTestNgWithOutDependency.Hello2@7bc1a03d]" name="secoundTest" duration-ms="4" started-at="2020-04-23T18:07:18 IST" finished-at="2020-04-23T18:07:18 IST">
          <reporter-output>
          </reporter-output>
        </test-method> <!-- secoundTest -->
      </class> <!-- MavenTestNgWithOutDependency.MavenTestNgWithOutDependency.Hello2 -->
    </test> <!-- Default test -->
  </suite> <!-- Default suite -->
</testng-results>
